Info! : FEM Analysis Units : Length : m,  Force : N
Info! : Exporting Panel Group Id : 1   Name : panel(Pl563, Pl482, 4)_to_(Pl563, Pl482, 1) with 4 plates
          Panel group has local X-axis angle difference : 0.000016 deg 
          Panels are planar along short edges
          Panels are planar along long (stiffened) edges
          Panel group is planar along short edges
          Structure element has stiffeners oriented in one direction
          Panel group has all stiffeners with Z-axis orthogonal to plate, largest angle difference = 0.000000 deg.
          Number of plates in this panel : 4
             Id : 0   Plate : Plate(Pl563, Pl482, 4)
             Id : 1   Plate : Plate(Pl563, Pl482, 3)
             Id : 2   Plate : Plate(Pl563, Pl482, 2)
             Id : 3   Plate : Plate(Pl563, Pl482, 1)
          Number of stiffeners in this panel : 3
             Id : 4   Stiffener : Stiffener(Pl563, Pl482, 4)   Beam: Bm2481
             Id : 5   Stiffener : Stiffener(Pl563, Pl482, 3)   Beam: Bm2482
             Id : 6   Stiffener : Stiffener(Pl563, Pl482, 2)   Beam: Bm2483
          ---------------------------------------------------------------------------------
Info! : Exporting Panel Group Id : 2   Name : panel(Pl504, Pl689, 4)_to_(Pl504, Pl689, 1) with 4 plates
          Panel group has local X-axis angle difference : 0.000000 deg 
          Panels are planar along short edges
          Panels are planar along long (stiffened) edges
          Panel group is planar along short edges
          Structure element has stiffeners oriented in one direction
          Panel group has all stiffeners with Z-axis orthogonal to plate, largest angle difference = 0.000000 deg.
          Number of plates in this panel : 4
             Id : 0   Plate : Plate(Pl504, Pl689, 4)
             Id : 1   Plate : Plate(Pl504, Pl689, 3)
             Id : 2   Plate : Plate(Pl504, Pl689, 2)
             Id : 3   Plate : Plate(Pl504, Pl689, 1)
          Number of stiffeners in this panel : 3
             Id : 4   Stiffener : Stiffener(Pl504, Pl689, 4)   Beam: Bm2463
             Id : 5   Stiffener : Stiffener(Pl504, Pl689, 3)   Beam: Bm2464
             Id : 6   Stiffener : Stiffener(Pl504, Pl689, 2)   Beam: Bm2465
          ---------------------------------------------------------------------------------
