Info! : FEM Analysis Units : Length : m,  Force : N
Warning! : Single panel not exported: ULS_WEIGHT_COL_TOP.panel(Pl783)       - Panel is bounded by orthogonal plate (or free edge) on all sides
          ---------------------------------------------------------------------------------
Info! : ==== Start of structure element with 5 panel groups
Warning! : Single panel not exported: ULS_WEIGHT_COL_TOP.panel(Pl389, 2)       - Panel long sides are not connected to other panels along its long sides
          ---------------------------------------------------------------------------------
Warning! : Single panel not exported: ULS_WEIGHT_COL_TOP.panel(Pl389, 3)       - Panel long sides are not connected to other panels along its long sides
          ---------------------------------------------------------------------------------
Info! : Exporting Panel Group Id : 1   Name : panel(Pl389, 4)_to_(Pl389, 9) with 4 plates
Warning! : Panel ULS_WEIGHT_COL_TOP.panel(Pl389, 4)   Angle TopLeft = -30.000013 deg. Absolute value exceeds warning limit of 5.000000 deg.
Warning! : Panel ULS_WEIGHT_COL_TOP.panel(Pl389, 4)   Angle BottomLeft = 30.000015 deg. Absolute value exceeds warning limit of 5.000000 deg.
Warning! : Panel ULS_WEIGHT_COL_TOP.panel(Pl389, 5)   Angle TopLeft = -30.000000 deg. Absolute value exceeds warning limit of 5.000000 deg.
Warning! : Panel ULS_WEIGHT_COL_TOP.panel(Pl389, 5)   Angle BottomLeft = 30.000013 deg. Absolute value exceeds warning limit of 5.000000 deg.
Warning! : Panel ULS_WEIGHT_COL_TOP.panel(Pl389, 6)   Angle TopLeft = 29.999987 deg. Absolute value exceeds warning limit of 5.000000 deg.
Warning! : Panel ULS_WEIGHT_COL_TOP.panel(Pl389, 6)   Angle BottomLeft = -30.000000 deg. Absolute value exceeds warning limit of 5.000000 deg.
Warning! : Panel ULS_WEIGHT_COL_TOP.panel(Pl389, 9)   Angle TopLeft = 29.999985 deg. Absolute value exceeds warning limit of 5.000000 deg.
Warning! : Panel ULS_WEIGHT_COL_TOP.panel(Pl389, 9)   Angle BottomLeft = -29.999987 deg. Absolute value exceeds warning limit of 5.000000 deg.
          Panel group has local X-axis angle difference : 0.000008 deg 
          Panels are planar along short edges
          Panels are planar along long (stiffened) edges
          Panel group is planar along short edges
          Structure element has stiffeners oriented in one direction
          Panel group has all stiffeners with Z-axis orthogonal to plate, largest angle difference = 0.000000 deg.
          Number of plates in this panel : 4
             Id : 0   Plate : Plate(Pl389, 4)
             Id : 1   Plate : Plate(Pl389, 5)
             Id : 2   Plate : Plate(Pl389, 6)
             Id : 3   Plate : Plate(Pl389, 9)
          Number of stiffeners in this panel : 3
             Id : 4   Stiffener : Stiffener(Pl389, 4)   Beam: Bm2217
             Id : 5   Stiffener : Stiffener(Pl389, 5)   Beam: Bm2204
             Id : 6   Stiffener : Stiffener(Pl389, 6)   Beam: Bm2218
          ---------------------------------------------------------------------------------
Warning! : Single panel not exported: ULS_WEIGHT_COL_TOP.panel(Pl389, 13)       - Panel long sides are not connected to other panels along its long sides
          ---------------------------------------------------------------------------------
Warning! : Single panel not exported: ULS_WEIGHT_COL_TOP.panel(Pl389, 18)       - Panel long sides are not connected to other panels along its long sides
          ---------------------------------------------------------------------------------
Info! : ==== End of structure element with 5 panel groups
Info! : Exporting Panel Group Id : 2   Name : panel(Pl389, 11)_to_(Pl389, 28) with 8 plates
          Panel group has local X-axis angle difference : 0.000010 deg 
          Panels are planar along short edges
          Panels are planar along long (stiffened) edges
          Panel group is planar along short edges
          Structure element has stiffeners oriented in one direction
          Panel group has all stiffeners with Z-axis orthogonal to plate, largest angle difference = 0.000000 deg.
          Number of plates in this panel : 8
             Id : 0   Plate : Plate(Pl389, 11)
             Id : 1   Plate : Plate(Pl389, 14)
             Id : 2   Plate : Plate(Pl389, 16)
             Id : 3   Plate : Plate(Pl389, 19)
             Id : 4   Plate : Plate(Pl389, 22)
             Id : 5   Plate : Plate(Pl389, 24)
             Id : 6   Plate : Plate(Pl389, 26)
             Id : 7   Plate : Plate(Pl389, 28)
          Number of stiffeners in this panel : 7
             Id : 8   Stiffener : Stiffener(Pl389, 11)   Beam: Bm2207
             Id : 9   Stiffener : Stiffener(Pl389, 14)   Beam: Bm2216
             Id : 10   Stiffener : Stiffener(Pl389, 16)   Beam: Bm2217
             Id : 11   Stiffener : Stiffener(Pl389, 19)   Beam: Bm2204
             Id : 12   Stiffener : Stiffener(Pl389, 22)   Beam: Bm2218
             Id : 13   Stiffener : Stiffener(Pl389, 24)   Beam: Bm2267
             Id : 14   Stiffener : Stiffener(Pl389, 26)   Beam: Bm2268
          ---------------------------------------------------------------------------------
Info! : ==== Start of structure element with 5 panel groups
Warning! : Single panel not exported: ULS_WEIGHT_COL_TOP.panel(Pl389, 21)       - Panel long sides are not connected to other panels along its long sides
          ---------------------------------------------------------------------------------
Warning! : Single panel not exported: ULS_WEIGHT_COL_TOP.panel(Pl389, 23)       - Panel long sides are not connected to other panels along its long sides
          ---------------------------------------------------------------------------------
Info! : Exporting Panel Group Id : 3   Name : panel(Pl389, 25)_to_(Pl389, 30) with 4 plates
Warning! : Panel ULS_WEIGHT_COL_TOP.panel(Pl389, 25)   Angle TopRight = -29.999987 deg. Absolute value exceeds warning limit of 5.000000 deg.
Warning! : Panel ULS_WEIGHT_COL_TOP.panel(Pl389, 25)   Angle BottomRight = 29.999985 deg. Absolute value exceeds warning limit of 5.000000 deg.
Warning! : Panel ULS_WEIGHT_COL_TOP.panel(Pl389, 27)   Angle TopRight = -30.000000 deg. Absolute value exceeds warning limit of 5.000000 deg.
Warning! : Panel ULS_WEIGHT_COL_TOP.panel(Pl389, 27)   Angle BottomRight = 29.999987 deg. Absolute value exceeds warning limit of 5.000000 deg.
Warning! : Panel ULS_WEIGHT_COL_TOP.panel(Pl389, 29)   Angle TopRight = 30.000013 deg. Absolute value exceeds warning limit of 5.000000 deg.
Warning! : Panel ULS_WEIGHT_COL_TOP.panel(Pl389, 29)   Angle BottomRight = -30.000000 deg. Absolute value exceeds warning limit of 5.000000 deg.
Warning! : Panel ULS_WEIGHT_COL_TOP.panel(Pl389, 30)   Angle TopRight = 30.000015 deg. Absolute value exceeds warning limit of 5.000000 deg.
Warning! : Panel ULS_WEIGHT_COL_TOP.panel(Pl389, 30)   Angle BottomRight = -30.000013 deg. Absolute value exceeds warning limit of 5.000000 deg.
          Panel group has local X-axis angle difference : 0.000008 deg 
          Panels are planar along short edges
          Panels are planar along long (stiffened) edges
          Panel group is planar along short edges
          Structure element has stiffeners oriented in one direction
          Panel group has all stiffeners with Z-axis orthogonal to plate, largest angle difference = 0.000000 deg.
          Number of plates in this panel : 4
             Id : 0   Plate : Plate(Pl389, 25)
             Id : 1   Plate : Plate(Pl389, 27)
             Id : 2   Plate : Plate(Pl389, 29)
             Id : 3   Plate : Plate(Pl389, 30)
          Number of stiffeners in this panel : 3
             Id : 4   Stiffener : Stiffener(Pl389, 25)   Beam: Bm2217
             Id : 5   Stiffener : Stiffener(Pl389, 27)   Beam: Bm2204
             Id : 6   Stiffener : Stiffener(Pl389, 29)   Beam: Bm2218
          ---------------------------------------------------------------------------------
Warning! : Single panel not exported: ULS_WEIGHT_COL_TOP.panel(Pl389, 31)       - Panel long sides are not connected to other panels along its long sides
          ---------------------------------------------------------------------------------
Warning! : Single panel not exported: ULS_WEIGHT_COL_TOP.panel(Pl389, 32)       - Panel long sides are not connected to other panels along its long sides
          ---------------------------------------------------------------------------------
Info! : ==== End of structure element with 5 panel groups
Info! : Exporting Panel Group Id : 4   Name : panel(Pl389, 1)_to_(Pl389, 20) with 8 plates
          Panel group has local X-axis angle difference : 0.000010 deg 
          Panels are planar along short edges
          Panels are planar along long (stiffened) edges
          Panel group is planar along short edges
          Structure element has stiffeners oriented in one direction
          Panel group has all stiffeners with Z-axis orthogonal to plate, largest angle difference = 0.000000 deg.
          Number of plates in this panel : 8
             Id : 0   Plate : Plate(Pl389, 1)
             Id : 1   Plate : Plate(Pl389, 7)
             Id : 2   Plate : Plate(Pl389, 8)
             Id : 3   Plate : Plate(Pl389, 10)
             Id : 4   Plate : Plate(Pl389, 12)
             Id : 5   Plate : Plate(Pl389, 15)
             Id : 6   Plate : Plate(Pl389, 17)
             Id : 7   Plate : Plate(Pl389, 20)
          Number of stiffeners in this panel : 7
             Id : 8   Stiffener : Stiffener(Pl389, 1)   Beam: Bm2207
             Id : 9   Stiffener : Stiffener(Pl389, 7)   Beam: Bm2216
             Id : 10   Stiffener : Stiffener(Pl389, 8)   Beam: Bm2217
             Id : 11   Stiffener : Stiffener(Pl389, 10)   Beam: Bm2204
             Id : 12   Stiffener : Stiffener(Pl389, 12)   Beam: Bm2218
             Id : 13   Stiffener : Stiffener(Pl389, 15)   Beam: Bm2267
             Id : 14   Stiffener : Stiffener(Pl389, 17)   Beam: Bm2268
          ---------------------------------------------------------------------------------
Warning! : Single panel not exported: ULS_WEIGHT_COL_TOP.panel(Pl776)       - Panel is bounded by orthogonal plate (or free edge) on all sides
          ---------------------------------------------------------------------------------
Warning! : Single panel not exported: ULS_WEIGHT_COL_TOP.panel(Pl769)       - Panel is bounded by orthogonal plate (or free edge) on all sides
          ---------------------------------------------------------------------------------
