 
 
        ******      ******       ******       ******      ** ***  ****
       ********    ********     ********     ********     *************
      **      **  **      **   **      **   **      **    **    **    **
      **          **      **   **                   **    **    **    **
       *******    **********    *******      *********    **    **    **
        *******   *********      *******    **********    **    **    **
              **  **                   **   **      **    **    **    **
      **      **  **      **   **      **   **      **    **    **    **
       ********    ********     ********     *********    **    **    **
        ******      ******       ******       ****** **   **    **    **
 
 
                        ********************************
                        *                              *
                        * H Y D R O M E S H . C O R E  *
                        *                              *
                        *                              *
                        *                              *
                        ********************************
 
                     Marketing and Support by DNV - Digital Solutions
 
  Program id   : 4.0-01                    Operating system : Microsoft Windows 10 Enterprise
  Release date : 15-12-2023                Platform         : Win32NT                 
  Access time  : 26-06-2024                Version          : 10.0.19045              
  User id      : JOCU                      Service pack     : 0                       
  Domain       : VERIT                     Machine name     : NOOSLL23040313          
 
  Copyright DNV - Digital Solutions, P.O.Box 300, N-1322 Hovik, Norway
 
        FEM files for hull are generated!

Execution time
  Time started:  2024/06/26 15:48:23
  Time finished: 2024/06/26 15:48:24
  Duration:      676ms
